Configuration Report                    17/10/28  14:46:59                                                              
Configuration file:                     F:\Projects\bondi\igss\DefWork\Team Bondi Waste Treatment                       
                                        SCADA System.ELM                                                                
System Version:                         12.00.00                                                                        
Number of objects:                      58                                                                              

========================================================================================================================
Area: Global                                                                                                            

========================================================================================================================
Area: Global                                                                                                            
------------------------------------------------------------------------------------------------------------------------
Global            AREA                  Global area. Objects defined in this area are globally                          
                                        available in the configuration.                                                 

========================================================================================================================
Area:                                                                                                                   

========================================================================================================================
Area: Global                                                                                                            
------------------------------------------------------------------------------------------------------------------------
2ndPage           DIAGRAM               -                                                                               

========================================================================================================================
Area:                                                                                                                   

========================================================================================================================
Area: Global                                                                                                            
------------------------------------------------------------------------------------------------------------------------
Alarms            DIAGRAM               -                                                                               

========================================================================================================================
Area:                                                                                                                   

========================================================================================================================
Area: Global                                                                                                            
------------------------------------------------------------------------------------------------------------------------
Conveyor Window   DIAGRAM               -                                                                               

========================================================================================================================
Area:                                                                                                                   

========================================================================================================================
Area: Global                                                                                                            
------------------------------------------------------------------------------------------------------------------------
Driver            DIGITAL               Communication monitor                                                           

========================================================================================================================
Area:                                                                                                                   

========================================================================================================================
Area: Global                                                                                                            
------------------------------------------------------------------------------------------------------------------------
EmergrncyStop     DIAGRAM               -                                                                               

========================================================================================================================
Area:                                                                                                                   

========================================================================================================================
Area: Global                                                                                                            
------------------------------------------------------------------------------------------------------------------------
Events            DIAGRAM               -                                                                               

========================================================================================================================
Area:                                                                                                                   

========================================================================================================================
Area: Global                                                                                                            
------------------------------------------------------------------------------------------------------------------------
MimicScreen       DIAGRAM               -                                                                               

========================================================================================================================
Area:                                                                                                                   

========================================================================================================================
Area: Global                                                                                                            
------------------------------------------------------------------------------------------------------------------------
PROTECT           DIGITAL TEMPLATE      -                                                                               

========================================================================================================================
Area:                                                                                                                   

========================================================================================================================
Area: Global                                                                                                            
------------------------------------------------------------------------------------------------------------------------
Robot 1 Window    DIAGRAM               -                                                                               

========================================================================================================================
Area:                                                                                                                   

========================================================================================================================
Area: Global                                                                                                            
------------------------------------------------------------------------------------------------------------------------
Robot 2 Window    DIAGRAM               -                                                                               

========================================================================================================================
Area:                                                                                                                   

========================================================================================================================
Area: Global                                                                                                            
------------------------------------------------------------------------------------------------------------------------
Userlogin         DIAGRAM               -                                                                               

========================================================================================================================
Area:                                                                                                                   

========================================================================================================================
Area: Global                                                                                                            
------------------------------------------------------------------------------------------------------------------------
VDS Window        DIAGRAM               -                                                                               

========================================================================================================================
Area:                                                                                                                   

========================================================================================================================
Area: Global                                                                                                            
------------------------------------------------------------------------------------------------------------------------
dataDisplay       DIAGRAM               temporary diagram to display states, values and other                           
                                        input/outputs                                                                   

========================================================================================================================
Area:                                                                                                                   

========================================================================================================================
Area: Global                                                                                                            
------------------------------------------------------------------------------------------------------------------------
image_test        ANALOG                -                                                                               

========================================================================================================================
Area:                                                                                                                   

========================================================================================================================
Area: Global                                                                                                            
------------------------------------------------------------------------------------------------------------------------
mimic_selected    ANALOG                -                                                                               

========================================================================================================================
Area:                                                                                                                   

========================================================================================================================
Area: Global                                                                                                            
------------------------------------------------------------------------------------------------------------------------
robot1_info       ANALOG                -                                                                               

========================================================================================================================
Area:                                                                                                                   

========================================================================================================================
Area: Global                                                                                                            
------------------------------------------------------------------------------------------------------------------------
robot1_state1     ANALOG                Robot 1 State 1                                                                 

========================================================================================================================
Area:                                                                                                                   

========================================================================================================================
Area: Global                                                                                                            
------------------------------------------------------------------------------------------------------------------------
robot1_state10    ANALOG                Robot 1 State 10                                                                

========================================================================================================================
Area:                                                                                                                   

========================================================================================================================
Area: Global                                                                                                            
------------------------------------------------------------------------------------------------------------------------
robot1_state11    ANALOG                Robot 1 State 11                                                                

========================================================================================================================
Area:                                                                                                                   

========================================================================================================================
Area: Global                                                                                                            
------------------------------------------------------------------------------------------------------------------------
robot1_state12    ANALOG                Robot 1 State 12                                                                

========================================================================================================================
Area:                                                                                                                   

========================================================================================================================
Area: Global                                                                                                            
------------------------------------------------------------------------------------------------------------------------
robot1_state2     ANALOG                Robot 1 State 2                                                                 

========================================================================================================================
Area:                                                                                                                   

========================================================================================================================
Area: Global                                                                                                            
------------------------------------------------------------------------------------------------------------------------
robot1_state3     ANALOG                Robot 1 State 3                                                                 

========================================================================================================================
Area:                                                                                                                   

========================================================================================================================
Area: Global                                                                                                            
------------------------------------------------------------------------------------------------------------------------
robot1_state4     ANALOG                Robot 1 State 4                                                                 

========================================================================================================================
Area:                                                                                                                   

========================================================================================================================
Area: Global                                                                                                            
------------------------------------------------------------------------------------------------------------------------
robot1_state5     ANALOG                Robot 1 State 5                                                                 

========================================================================================================================
Area:                                                                                                                   

========================================================================================================================
Area: Global                                                                                                            
------------------------------------------------------------------------------------------------------------------------
robot1_state6     ANALOG                Robot 1 State 6                                                                 

========================================================================================================================
Area:                                                                                                                   

========================================================================================================================
Area: Global                                                                                                            
------------------------------------------------------------------------------------------------------------------------
robot1_state7     ANALOG                Robot 1 State 7                                                                 

========================================================================================================================
Area:                                                                                                                   

========================================================================================================================
Area: Global                                                                                                            
------------------------------------------------------------------------------------------------------------------------
robot1_state8     ANALOG                Robot 1 State 8                                                                 

========================================================================================================================
Area:                                                                                                                   

========================================================================================================================
Area: Global                                                                                                            
------------------------------------------------------------------------------------------------------------------------
robot1_state9     ANALOG                Robot 1 State 9                                                                 

========================================================================================================================
Area:                                                                                                                   

========================================================================================================================
Area: Global                                                                                                            
------------------------------------------------------------------------------------------------------------------------
robot2_info       ANALOG                -                                                                               

========================================================================================================================
Area:                                                                                                                   

========================================================================================================================
Area: Global                                                                                                            
------------------------------------------------------------------------------------------------------------------------
robot2_state13    ANALOG                Robot 2 State 13                                                                

========================================================================================================================
Area:                                                                                                                   

========================================================================================================================
Area: Global                                                                                                            
------------------------------------------------------------------------------------------------------------------------
robot2_state14    ANALOG                Robot 2 State 14                                                                

========================================================================================================================
Area:                                                                                                                   

========================================================================================================================
Area: Global                                                                                                            
------------------------------------------------------------------------------------------------------------------------
robot2_state15    ANALOG                Robot 2 State 15                                                                

========================================================================================================================
Area:                                                                                                                   

========================================================================================================================
Area: Global                                                                                                            
------------------------------------------------------------------------------------------------------------------------
robot2_state16    ANALOG                Robot 2 State 16                                                                

========================================================================================================================
Area:                                                                                                                   

========================================================================================================================
Area: Global                                                                                                            
------------------------------------------------------------------------------------------------------------------------
robot2_state17    ANALOG                Robot 2 State 17                                                                

========================================================================================================================
Area:                                                                                                                   

========================================================================================================================
Area: Global                                                                                                            
------------------------------------------------------------------------------------------------------------------------
robot2_state18    ANALOG                Robot 2 State 18                                                                

========================================================================================================================
Area:                                                                                                                   

========================================================================================================================
Area: Global                                                                                                            
------------------------------------------------------------------------------------------------------------------------
robot2_state19    ANALOG                Robot 2 State 19                                                                

========================================================================================================================
Area:                                                                                                                   

========================================================================================================================
Area: Global                                                                                                            
------------------------------------------------------------------------------------------------------------------------
robot2_state20    ANALOG                Robot 2 State 20                                                                

========================================================================================================================
Area:                                                                                                                   

========================================================================================================================
Area: Global                                                                                                            
------------------------------------------------------------------------------------------------------------------------
robot2_state21    ANALOG                Robot 2 State 21                                                                

========================================================================================================================
Area:                                                                                                                   

========================================================================================================================
Area: Global                                                                                                            
------------------------------------------------------------------------------------------------------------------------
robot_state       ANALOG                Current Robot State                                                             

========================================================================================================================
Area:                                                                                                                   

========================================================================================================================
Area: Global                                                                                                            
------------------------------------------------------------------------------------------------------------------------
treatment1        ANALOG                Treatment Site 1                                                                

========================================================================================================================
Area:                                                                                                                   

========================================================================================================================
Area: Global                                                                                                            
------------------------------------------------------------------------------------------------------------------------
treatment1_       ANALOG                Treatment Site 1 Humidity 1                                                     
humidity1                                                                                                               

========================================================================================================================
Area:                                                                                                                   

========================================================================================================================
Area: Global                                                                                                            
------------------------------------------------------------------------------------------------------------------------
treatment1_light1 ANALOG                Treatment Site 1 Light 1                                                        

========================================================================================================================
Area:                                                                                                                   

========================================================================================================================
Area: Global                                                                                                            
------------------------------------------------------------------------------------------------------------------------
treatment1_temp1  ANALOG                Treatment Site 1 Temperature 1                                                  

========================================================================================================================
Area:                                                                                                                   

========================================================================================================================
Area: Global                                                                                                            
------------------------------------------------------------------------------------------------------------------------
treatment2        ANALOG                Treatment Site 2                                                                

========================================================================================================================
Area:                                                                                                                   

========================================================================================================================
Area: Global                                                                                                            
------------------------------------------------------------------------------------------------------------------------
treatment2_acc1   ANALOG                Treatment Site 2 Accelerator 1                                                  

========================================================================================================================
Area:                                                                                                                   

========================================================================================================================
Area: Global                                                                                                            
------------------------------------------------------------------------------------------------------------------------
treatment2_temp1  ANALOG                Treatment Site 2 Temperature 1                                                  

========================================================================================================================
Area:                                                                                                                   

========================================================================================================================
Area: Global                                                                                                            
------------------------------------------------------------------------------------------------------------------------
treatment3        ANALOG                Treatment Site 3                                                                

========================================================================================================================
Area:                                                                                                                   

========================================================================================================================
Area: Global                                                                                                            
------------------------------------------------------------------------------------------------------------------------
treatment3_alc    ANALOG                Treatment Site 3 Alcohol 1                                                      

========================================================================================================================
Area:                                                                                                                   

========================================================================================================================
Area: Global                                                                                                            
------------------------------------------------------------------------------------------------------------------------
treatment3_temp1  ANALOG                Treatment Site 3 Temperature 1                                                  

========================================================================================================================
Area:                                                                                                                   

========================================================================================================================
Area: Global                                                                                                            
------------------------------------------------------------------------------------------------------------------------
treatment_temp_   ANALOG                Treatment Site Temperature Sample                                               
sample                                                                                                                  

========================================================================================================================
Area:                                                                                                                   

========================================================================================================================
Area: Test Area                                                                                                         

========================================================================================================================
Area: Global                                                                                                            
------------------------------------------------------------------------------------------------------------------------
Test Area         AREA                  A test area to demonstrate IGSS Functionality                                   

========================================================================================================================
Area:                                                                                                                   

========================================================================================================================
Area: Test Area                                                                                                         
------------------------------------------------------------------------------------------------------------------------
Heating Test      DIAGRAM               A test diagram to show off IGSS functionality                                   

========================================================================================================================
Area:                                                                                                                   

========================================================================================================================
Area: Test Area                                                                                                         
------------------------------------------------------------------------------------------------------------------------
TempReading       ANALOG                A Termperature Reading                                                          
                                                            100                                                         

                                                            -                                                           
                                                            100                                                         

                                                            -                                                           
                                                            85                                                          

                                                            -                                                           
                                                            50                                                          

                                                            -                                                           
                                                            10                                                          

                                                            -                                                           
                                                            10                                                          

                                                            -                                                           

========================================================================================================================
Area:                                                                                                                   

========================================================================================================================
Area: Test Area                                                                                                         
------------------------------------------------------------------------------------------------------------------------
TempReading2      ANALOG                A Termperature Reading                                                          
                                                            33                                                          

                                                            -                                                           

========================================================================================================================
Area:                                                                                                                   

========================================================================================================================
Area: Test Area                                                                                                         
------------------------------------------------------------------------------------------------------------------------
TempReading3      ANALOG                A Termperature Reading                                                          

========================================================================================================================
Area:                                                                                                                   

========================================================================================================================
Alarms                                                                                                                  
________________________________________________________________________________________________________________________
Alarm number      Priority   Title                                              Object                        Atom      
------------------------------------------------------------------------------------------------------------------------
  1               3          Alarm in referenced diagram                        -                             -         
 10               5          Invalid driver configuration                       -                             -         
 11               5          Driver resource problem                            -                             -         
 20               4          Comm. port problem on input                        -                             -         
 21               4          Comm. port problem on output                       -                             -         
 22               4          Comm.port not available for input                  -                             -         
 23               4          Comm.port not available for output                 -                             -         
 24               4          Comm.port error state cannot be reset (input)      -                             -         
 25               4          Comm.port error state cannot be reset (output)     -                             -         
 30               1          PLC error group 0                                  -                             -         
 31               2          PLC error group 1                                  -                             -         
 32               3          PLC error group 2                                  -                             -         
 33               3          PLC error group 3                                  -                             -         
 34               4          PLC error group 4                                  -                             -         
 35               4          PLC error group 5                                  -                             -         
 36               5          PLC error group 6                                  -                             -         
 37               5          PLC error group 7                                  -                             -         
 38               6          PLC error group 8                                  -                             -         
 39               6          PLC error group 9                                  -                             -         
 40               3          PLC system problem                                 -                             -         
 41               3          Message error on input                             -                             -         
 42               3          Message error on output                            -                             -         
 43               3          Packet error on input                              -                             -         
 44               3          Packet error on output                             -                             -         
 45               3          A bad packet received                              -                             -         
 46               3          No heartbeat received                              -                             -         
 47               3          Dialup interface error                             -                             -         
 48               3          Remote driver interface error                      -                             -         
 49               3          Alarmnet interface error                           -                             -         
 50               3          DC received bad packet                             -                             -         
 51               3          The output buffer is full                          -                             -         
 80               2          Connection to AB-server lost                       -                             -         
 81               4          A and B server configurations out of sync.         -                             -         
 82               3          Running on LAN-B                                   -                             -         
 86               5          Backup folder is inaccessible or has only very     -                             -         
                             little space left                                                                          
 87               6          Internal system problem                            -                             -         
 88               6          Writing of historical data stopped                 -                             -         
 89               2          Error on printer.                                  -                             -         
 90               3          Alarm generated by event                           -                             -         
 91               2          Alarm Inhibit (all alarms)                         -                             -         
 92               2          Alarm Inhibit (specific alarms)                    -                             -         
 93               2          Notifier Inhibit                                   -                             -         
 94               2          Disk usage above first mark                        -                             -         
 95               5          Disk usage above second mark                       -                             -         
 96               3          Object note attached                               -                             -         
 97               5          Winpager communication error                       -                             -         
 98               3          Event                                              -                             -         
 99               3          Undefined alarm received                           -                             -         
100               1          Last predefined alarm text                         -                             -         
101               5          ghg                                                -                             -         

========================================================================================================================
Base class                                                                                                              
________________________________________________________________________________________________________________________
Base class        Data reduction       Objects                                                                          
------------------------------------------------------------------------------------------------------------------------
1: "None".        Undefined            Driver, image_test, mimic_selected, robot1_info, robot1_                         
                                       state1, robot1_state10, robot1_state11, robot1_state12,                          
                                       robot1_state2, robot1_state3, robot1_state4, robot1_state5,                      
                                       robot1_state6, robot1_state7, robot1_state8, robot1_state9,                      
                                       robot2_info, robot2_state13, robot2_state14, robot2_state15,                     
                                       robot2_state16, robot2_state17, robot2_state18, robot2_                          
                                       state19, robot2_state20, robot2_state21, robot_state,                            
                                       treatment1, treatment1_humidity1, treatment1_light1,                             
                                       treatment1_temp1, treatment2, treatment2_acc1, treatment2_                       
                                       temp1, treatment3, treatment3_alc, treatment3_temp1,                             
                                       treatment_temp_sample, TempReading, TempReading2,                                
                                       TempReading3                                                                     
2:   2 min.       -                    -                                                                                
3:   5 min.       -                    -                                                                                
4:  10 min.       -                    -                                                                                
5:  30 min.       -                    -                                                                                

========================================================================================================================
Scan class                                                                                                              
________________________________________________________________________________________________________________________
Scan class        Driver name          Node number     Data group     Word           Length                             
------------------------------------------------------------------------------------------------------------------------
1: Manual         -                    -               -              -              -                                  
                  7TMODTCP (Waste      1               3              0              1                                  
                  Treatment)                                                                                            
2:   2.000 sec.   7TMODTCP (Waste      0               3              0              1                                  
                  Treatment)                                                                                            
                  7TMODTCP (Waste      2               3              0              1                                  
                  Treatment)                                                                                            
                  7TMODTCP (Waste      3               1              0              3                                  
                  Treatment)                                                                                            
                  7TMODTCP (Waste      3               3              0              8                                  
                  Treatment)                                                                                            
                  7TMODTCP (Waste      4               1              0              21                                 
                  Treatment)                                                                                            
                  7TMODTCP (Waste      4               3              0              1                                  
                  Treatment)                                                                                            
3:   5.000 sec.   -                    -               -              -              -                                  
4:  10.000 sec.   -                    -               -              -              -                                  
5:  30.000 sec.   -                    -               -              -              -                                  

========================================================================================================================
Communication efficiency in scan records                                                                                
------------------------------------------------------------------------------------------------------------------------
Number of bits used for objects                                       640                                               
Total number of bits in scanrecords                                   576                                               
Efficiency                                                            111%                                              
Total number of words in scanrecords                                  36                                                
Possible number of words with same number of scan records             875                                               
Efficiency                                                            4%                                                
Number of scan records:7                                                                                                

========================================================================================================================
Driver configuration                                                                                                    
------------------------------------------------------------------------------------------------------------------------
Active profile                    org                                                                                   
Number of stations                org                                                                                   
