Configuration Report                    17/09/10  04:52:51                                                              
Configuration file:                     C:\Users\Mathew Mason\Desktop\IGSS\Team Bondi Waste                             
                                        Treatment SCADA System\Team Bondi Waste Treatment SCADA                         
                                        System.ELM                                                                      
System Version:                         12.00.00                                                                        
Number of objects:                      21                                                                              

========================================================================================================================
Area: Global                                                                                                            

========================================================================================================================
Area: Global                                                                                                            
------------------------------------------------------------------------------------------------------------------------
Global            AREA                  Global area. Objects defined in this area are globally                          
                                        available in the configuration.                                                 

========================================================================================================================
Area:                                                                                                                   

========================================================================================================================
Area: Global                                                                                                            
------------------------------------------------------------------------------------------------------------------------
AB-SWITCH         DIGITAL TEMPLATE      -                                                                               

========================================================================================================================
Area:                                                                                                                   

========================================================================================================================
Area: Global                                                                                                            
------------------------------------------------------------------------------------------------------------------------
DIALSUSPEND       DIGITAL TEMPLATE      -                                                                               

========================================================================================================================
Area:                                                                                                                   

========================================================================================================================
Area: Global                                                                                                            
------------------------------------------------------------------------------------------------------------------------
DIALUP            DIGITAL TEMPLATE      -                                                                               

========================================================================================================================
Area:                                                                                                                   

========================================================================================================================
Area: Global                                                                                                            
------------------------------------------------------------------------------------------------------------------------
Driver            DIGITAL               Communication monitor                                                           

========================================================================================================================
Area:                                                                                                                   

========================================================================================================================
Area: Global                                                                                                            
------------------------------------------------------------------------------------------------------------------------
Graph             GRAPH                 Operator choice of graphs                                                       

========================================================================================================================
Area:                                                                                                                   

========================================================================================================================
Area: Global                                                                                                            
------------------------------------------------------------------------------------------------------------------------
LogUserLogin      STRING                -                                                                               

========================================================================================================================
Area:                                                                                                                   

========================================================================================================================
Area: Global                                                                                                            
------------------------------------------------------------------------------------------------------------------------
PROTECT           DIGITAL TEMPLATE      -                                                                               

========================================================================================================================
Area:                                                                                                                   

========================================================================================================================
Area: Global                                                                                                            
------------------------------------------------------------------------------------------------------------------------
Protect           DIGITAL               Controls current security level 0 to 5                                          

========================================================================================================================
Area:                                                                                                                   

========================================================================================================================
Area: Global                                                                                                            
------------------------------------------------------------------------------------------------------------------------
Regulator         TABLE                 Controller parameters                                                           

========================================================================================================================
Area:                                                                                                                   

========================================================================================================================
Area: Global                                                                                                            
------------------------------------------------------------------------------------------------------------------------
System            ANALOG                Disk monitor                                                                    

========================================================================================================================
Area:                                                                                                                   

========================================================================================================================
Area: Test Area                                                                                                         

========================================================================================================================
Area: Global                                                                                                            
------------------------------------------------------------------------------------------------------------------------
Test Area         AREA                  A test area to demonstrate IGSS Functionality                                   

========================================================================================================================
Area:                                                                                                                   

========================================================================================================================
Area: Test Area                                                                                                         
------------------------------------------------------------------------------------------------------------------------
Heating Test      DIAGRAM               A test diagram to show off IGSS functionality                                   

========================================================================================================================
Area:                                                                                                                   

========================================================================================================================
Area: Test Area                                                                                                         
------------------------------------------------------------------------------------------------------------------------
TempReading       ANALOG                A Termperature Reading                                                          

========================================================================================================================
Area:                                                                                                                   

========================================================================================================================
Alarms                                                                                                                  
________________________________________________________________________________________________________________________
Alarm number      Priority   Title                                              Object                        Atom      
------------------------------------------------------------------------------------------------------------------------
  1               3          Alarm in referenced diagram                        -                             -         
 10               5          Invalid driver configuration                       -                             -         
 11               5          Driver resource problem                            -                             -         
 20               4          Comm. port problem on input                        -                             -         
 21               4          Comm. port problem on output                       -                             -         
 22               4          Comm.port not available for input                  -                             -         
 23               4          Comm.port not available for output                 -                             -         
 24               4          Comm.port error state cannot be reset (input)      -                             -         
 25               4          Comm.port error state cannot be reset (output)     -                             -         
 30               1          PLC error group 0                                  -                             -         
 31               2          PLC error group 1                                  -                             -         
 32               3          PLC error group 2                                  -                             -         
 33               3          PLC error group 3                                  -                             -         
 34               4          PLC error group 4                                  -                             -         
 35               4          PLC error group 5                                  -                             -         
 36               5          PLC error group 6                                  -                             -         
 37               5          PLC error group 7                                  -                             -         
 38               6          PLC error group 8                                  -                             -         
 39               6          PLC error group 9                                  -                             -         
 40               3          PLC system problem                                 -                             -         
 41               3          Message error on input                             -                             -         
 42               3          Message error on output                            -                             -         
 43               3          Packet error on input                              -                             -         
 44               3          Packet error on output                             -                             -         
 45               3          A bad packet received                              -                             -         
 46               3          No heartbeat received                              -                             -         
 47               3          Dialup interface error                             -                             -         
 48               3          Remote driver interface error                      -                             -         
 49               3          Alarmnet interface error                           -                             -         
 50               3          DC received bad packet                             -                             -         
 51               3          The output buffer is full                          -                             -         
 80               2          Connection to AB-server lost                       -                             -         
 81               4          A and B server configurations out of sync.         -                             -         
 82               3          Running on LAN-B                                   -                             -         
 86               5          Backup folder is inaccessible or has only very     -                             -         
                             little space left                                                                          
 87               6          Internal system problem                            -                             -         
 88               6          Writing of historical data stopped                 -                             -         
 89               2          Error on printer.                                  -                             -         
 90               3          Alarm generated by event                           -                             -         
 91               2          Alarm Inhibit (all alarms)                         -                             -         
 92               2          Alarm Inhibit (specific alarms)                    -                             -         
 93               2          Notifier Inhibit                                   -                             -         
 94               2          Disk usage above first mark                        -                             -         
 95               5          Disk usage above second mark                       -                             -         
 96               3          Object note attached                               -                             -         
 97               5          Winpager communication error                       -                             -         
 98               3          Event                                              -                             -         
 99               3          Undefined alarm received                           -                             -         
100               1          Last predefined alarm text                         -                             -         

========================================================================================================================
Base class                                                                                                              
________________________________________________________________________________________________________________________
Base class        Data reduction       Objects                                                                          
------------------------------------------------------------------------------------------------------------------------
1: "None".        Undefined            Driver, Protect, Regulator, System, TempReading                                  
2:   2 min.       -                    -                                                                                
3:   5 min.       -                    -                                                                                
4:  10 min.       -                    -                                                                                
5:  30 min.       -                    -                                                                                

========================================================================================================================
Scan class                                                                                                              
________________________________________________________________________________________________________________________
Scan class        Driver name          Node number     Data group     Word           Length                             
------------------------------------------------------------------------------------------------------------------------
1: Manual         -                    -               -              -              -                                  
2:   2.000 sec.   7TMODTCP (Waste      0               3              0              1                                  
                  Treatment)                                                                                            
3:   5.000 sec.   -                    -               -              -              -                                  
4:  10.000 sec.   -                    -               -              -              -                                  
5:  30.000 sec.   -                    -               -              -              -                                  

========================================================================================================================
Communication efficiency in scan records                                                                                
------------------------------------------------------------------------------------------------------------------------
Number of bits used for objects                                       16                                                
Total number of bits in scanrecords                                   16                                                
Efficiency                                                            100%                                              
Total number of words in scanrecords                                  1                                                 
Possible number of words with same number of scan records             125                                               
Efficiency                                                            1%                                                
Number of scan records:1                                                                                                

========================================================================================================================
Driver configuration                                                                                                    
------------------------------------------------------------------------------------------------------------------------
Active profile                    org                                                                                   
Number of stations                org                                                                                   
